Config file config.txt is extended by additional config specified via the command line.
Building DAG of jobs...
Using shell: /bin/bash
Provided cores: 2
Rules claiming more threads will be scaled down.
Job stats:
job                   count
------------------  -------
all                       1
cellnum                   1
combine_umi_counts        1
filter                    1
genotyper                 1
get_features              1
mpileup                   1
pred                      1
prior                     1
split_bam                 1
total                    10

Select jobs to execute...

[Tue Feb 24 23:09:29 2026]
rule split_bam:
    input: /storage/douyanmeiLab/yangzhirui/SpaceTracer/demo_input/Spaceranger_result/outs/spatial/tissue_positions.csv, /storage/douyanmeiLab/yangzhirui/SpaceTracer/demo_input/Spaceranger_result/outs/possorted_genome_bam.bam
    output: demo/bam_filter/demo_barcode.txt, demo/bam_filter/IN.bam
    jobid: 4
    reason: Missing output files: demo/bam_filter/IN.bam
    wildcards: sample=demo
    resources: tmpdir=/tmp

[Tue Feb 24 23:09:46 2026]
Finished job 4.
1 of 10 steps (10%) done
Select jobs to execute...

[Tue Feb 24 23:09:46 2026]
rule mpileup:
    input: demo/bam_filter/IN.bam, /storage/douyanmeiLab/yangzhirui/SpaceTracer/Resources/genome.fa, /storage/douyanmeiLab/yangzhirui/SpaceTracer/Resources/genome.fa.fai
    output: demo/bam_filter/IN_filter.bam, demo/demo_mpileup.filter.result
    jobid: 5
    reason: Missing output files: demo/bam_filter/IN_filter.bam, demo/demo_mpileup.filter.result; Input files updated by another job: demo/bam_filter/IN.bam
    wildcards: sample=demo
    resources: tmpdir=/tmp

[Tue Feb 24 23:10:01 2026]
Finished job 5.
2 of 10 steps (20%) done
Select jobs to execute...

[Tue Feb 24 23:10:01 2026]
rule cellnum:
    input: demo/bam_filter/IN_filter.bam, demo/cluster_info/result/demo_cluster.txt
    output: demo/refined_umi_read_cellNum.txt
    jobid: 10
    reason: Missing output files: demo/refined_umi_read_cellNum.txt; Input files updated by another job: demo/bam_filter/IN_filter.bam
    wildcards: sample=demo
    resources: tmpdir=/tmp


[Tue Feb 24 23:10:01 2026]
rule combine_umi_counts:
    input: demo/bam_filter/IN_filter.bam, /storage/douyanmeiLab/yangzhirui/SpaceTracer/demo_input/Spaceranger_result/outs/spatial/tissue_positions.csv, demo/demo_mpileup.filter.result, demo/cluster_info/result/demo_cluster.txt
    output: demo/counts_files/demo.spot.count.out, demo/counts_files/demo.cluster.count.out, demo/counts_files/demo.cluster_filter.count.out, demo/counts_files/demo.ind_filter.count.out
    jobid: 7
    reason: Missing output files: demo/counts_files/demo.ind_filter.count.out, demo/counts_files/demo.spot.count.out, demo/counts_files/demo.cluster_filter.count.out; Input files updated by another job: demo/bam_filter/IN_filter.bam, demo/demo_mpileup.filter.result
    wildcards: sample=demo
    resources: tmpdir=/tmp

[Tue Feb 24 23:10:03 2026]
Finished job 10.
3 of 10 steps (30%) done
Select jobs to execute...

[Tue Feb 24 23:10:03 2026]
rule prior:
    input: demo/demo_mpileup.filter.result, /storage/douyanmeiLab/yangzhirui/01.Data_download/07.brain/04.Analysis/04.mutations/annovar_info.txt
    output: demo/demo.prior.out
    jobid: 8
    reason: Input files updated by another job: demo/demo_mpileup.filter.result
    wildcards: sample=demo
    resources: tmpdir=/tmp

[Tue Feb 24 23:13:09 2026]
Finished job 8.
4 of 10 steps (40%) done
[Tue Feb 24 23:19:37 2026]
Finished job 7.
5 of 10 steps (50%) done
Select jobs to execute...

[Tue Feb 24 23:19:37 2026]
rule genotyper:
    input: demo/counts_files/demo.spot.count.out, demo/counts_files/demo.cluster_filter.count.out, demo/counts_files/demo.ind_filter.count.out, demo/cluster_info/result/demo_cluster.txt, demo/demo.prior.out, demo/refined_umi_read_cellNum.txt
    output: demo/geno_files/demo.ind_genotype.out, demo/geno_files/demo.ind_genotype_filter.out, demo/geno_files/demo.germ_genotype.out, demo/geno_files/demo.cluster_vaf.out, demo/geno_files/demo.spot_genotype.out
    jobid: 9
    reason: Missing output files: demo/geno_files/demo.ind_genotype_filter.out, demo/geno_files/demo.spot_genotype.out, demo/geno_files/demo.cluster_vaf.out, demo/geno_files/demo.germ_genotype.out; Input files updated by another job: demo/demo.prior.out, demo/counts_files/demo.ind_filter.count.out, demo/counts_files/demo.spot.count.out, demo/counts_files/demo.cluster_filter.count.out, demo/refined_umi_read_cellNum.txt
    wildcards: sample=demo
    resources: tmpdir=/tmp

[Tue Feb 24 23:19:45 2026]
Finished job 9.
6 of 10 steps (60%) done
Select jobs to execute...

[Tue Feb 24 23:19:45 2026]
rule get_features:
    input: /storage/douyanmeiLab/yangzhirui/SpaceTracer/demo_input/Spaceranger_result/outs, /storage/douyanmeiLab/yangzhirui/SpaceTracer/demo_input/Spaceranger_result/outs/spatial/tissue_positions.csv, /storage/douyanmeiLab/yangzhirui/SpaceTracer/Resources/genome.fa, demo/bam_filter/IN.bam, demo/bam_filter/IN_filter.bam, demo/cluster_info/result/demo_results.h5ad, demo/counts_files/demo.spot.count.out, demo/counts_files/demo.cluster_filter.count.out, demo/counts_files/demo.ind_filter.count.out, demo/cluster_info/result/demo_cluster.txt, demo/demo.prior.out, demo/geno_files/demo.ind_genotype_filter.out, demo/geno_files/demo.germ_genotype.out, demo/geno_files/demo.cluster_vaf.out, demo/geno_files/demo.spot_genotype.out
    output: demo/features_dir/demo.spatial_feature.txt, demo/features_dir/demo.features.txt, demo/features_dir/all_RF_filter_hFDR_less_08_feature_remove_AtoG.txt
    jobid: 3
    reason: Missing output files: demo/features_dir/all_RF_filter_hFDR_less_08_feature_remove_AtoG.txt; Input files updated by another job: demo/geno_files/demo.cluster_vaf.out, demo/counts_files/demo.cluster_filter.count.out, demo/counts_files/demo.spot.count.out, demo/demo.prior.out, demo/geno_files/demo.ind_genotype_filter.out, demo/counts_files/demo.ind_filter.count.out, demo/bam_filter/IN_filter.bam, demo/geno_files/demo.germ_genotype.out, demo/geno_files/demo.spot_genotype.out, demo/bam_filter/IN.bam
    wildcards: sample=demo
    resources: tmpdir=/tmp

[Tue Feb 24 23:33:39 2026]
Finished job 3.
7 of 10 steps (70%) done
Select jobs to execute...

[Tue Feb 24 23:33:39 2026]
rule pred:
    input: demo/features_dir/all_RF_filter_hFDR_less_08_feature_remove_AtoG.txt
    output: demo/predict_spatial_feature_preserved/results/demo_total_pred_truesites.txt, demo/predict_spatial_feature_free/results/demo_total_pred_truesites.txt
    jobid: 2
    reason: Missing output files: demo/predict_spatial_feature_free/results/demo_total_pred_truesites.txt, demo/predict_spatial_feature_preserved/results/demo_total_pred_truesites.txt; Input files updated by another job: demo/features_dir/all_RF_filter_hFDR_less_08_feature_remove_AtoG.txt
    wildcards: sample=demo
    resources: tmpdir=/tmp

[Tue Feb 24 23:33:48 2026]
Finished job 2.
8 of 10 steps (80%) done
Select jobs to execute...

[Tue Feb 24 23:33:48 2026]
rule filter:
    input: demo/predict_spatial_feature_preserved/results/demo_total_pred_truesites.txt, demo/predict_spatial_feature_free/results/demo_total_pred_truesites.txt, demo/features_dir/all_RF_filter_hFDR_less_08_feature_remove_AtoG.txt, demo/geno_files/demo.germ_genotype.out
    output: demo/pred.FINAL.sf_preseverd.txt, demo/pred.FINAL.sf_free.txt
    jobid: 1
    reason: Missing output files: demo/pred.FINAL.sf_free.txt, demo/pred.FINAL.sf_preseverd.txt; Input files updated by another job: demo/geno_files/demo.germ_genotype.out, demo/predict_spatial_feature_free/results/demo_total_pred_truesites.txt, demo/features_dir/all_RF_filter_hFDR_less_08_feature_remove_AtoG.txt, demo/predict_spatial_feature_preserved/results/demo_total_pred_truesites.txt
    wildcards: sample=demo
    resources: tmpdir=/tmp

[Tue Feb 24 23:37:37 2026]
Finished job 1.
9 of 10 steps (90%) done
Select jobs to execute...

[Tue Feb 24 23:37:37 2026]
localrule all:
    input: demo/pred.FINAL.sf_preseverd.txt, demo/pred.FINAL.sf_free.txt
    jobid: 0
    reason: Input files updated by another job: demo/pred.FINAL.sf_free.txt, demo/pred.FINAL.sf_preseverd.txt
    resources: tmpdir=/tmp

[Tue Feb 24 23:37:37 2026]
Finished job 0.
10 of 10 steps (100%) done
Complete log: ../.snakemake/log/2026-02-24T230928.828198.snakemake.log
