Config file config.txt is extended by additional config specified via the command line.
Building DAG of jobs...
Using shell: /bin/bash
Provided cores: 2
Rules claiming more threads will be scaled down.
Job stats:
job             count
------------  -------
all                 1
filter              1
get_features        1
pred                1
total               4

Select jobs to execute...

[Thu Feb 12 18:55:17 2026]
rule get_features:
    input: /storage/douyanmeiLab/yangzhirui/SpaceTracer/demo_input/Spaceranger_result/outs, /storage/douyanmeiLab/yangzhirui/SpaceTracer/demo_input/Spaceranger_result/outs/spatial/tissue_positions.csv, /storage/douyanmeiLab/yangzhirui/SpaceTracer/Resources/genome.fa, demo/bam_filter/IN.bam, demo/bam_filter/IN_filter.bam, demo/cluster_info/result/demo_results.h5ad, demo/counts_files/demo.spot.count.out, demo/counts_files/demo.cluster_filter.count.out, demo/counts_files/demo.ind_filter.count.out, demo/cluster_info/result/demo_cluster.txt, demo/demo.prior.out, demo/geno_files/demo.ind_genotype_filter.out, demo/geno_files/demo.germ_genotype.out, demo/geno_files/demo.cluster_vaf.out, demo/geno_files/demo.spot_genotype.out, demo/error/demo.lysis_profile.txt
    output: demo/features_dir/demo.spatial_feature.txt, demo/features_dir/demo.phase_afterUMIcombination.txt, demo/features_dir/demo.features.txt, demo/features_dir/all_RF_filter_hFDR_less_08_feature_remove_AtoG.txt
    jobid: 3
    reason: Updated input files: demo/cluster_info/result/demo_results.h5ad
    wildcards: sample=demo
    resources: tmpdir=/tmp

[Thu Feb 12 19:03:12 2026]
Finished job 3.
1 of 4 steps (25%) done
Select jobs to execute...

[Thu Feb 12 19:03:12 2026]
rule pred:
    input: demo/features_dir/all_RF_filter_hFDR_less_08_feature_remove_AtoG.txt
    output: demo/predict/results/demo_total_pred_truesites.txt
    jobid: 2
    reason: Missing output files: demo/predict/results/demo_total_pred_truesites.txt; Input files updated by another job: demo/features_dir/all_RF_filter_hFDR_less_08_feature_remove_AtoG.txt
    wildcards: sample=demo
    resources: tmpdir=/tmp

[Thu Feb 12 19:03:14 2026]
Error in rule pred:
    jobid: 2
    input: demo/features_dir/all_RF_filter_hFDR_less_08_feature_remove_AtoG.txt
    output: demo/predict/results/demo_total_pred_truesites.txt
    shell:
        
        python /storage/douyanmeiLab/yangzhirui/SpaceTracer//4_run_model_predict.py             --input demo/features_dir/all_RF_filter_hFDR_less_08_feature_remove_AtoG.txt             --outdir demo/predict             --outprefix demo             --train FALSE --thr_altcount 5 --phase_refine FALSE  --save FALSE
        
        (one of the commands exited with non-zero exit code; note that snakemake uses bash strict mode!)

Shutting down, this might take some time.
Exiting because a job execution failed. Look above for error message
Complete log: ../.snakemake/log/2026-02-12T185515.650507.snakemake.log
