Config file config.txt is extended by additional config specified via the command line.
Building DAG of jobs...
Using shell: /bin/bash
Provided cores: 2
Rules claiming more threads will be scaled down.
Job stats:
job             count
------------  -------
all                 1
filter              1
get_features        1
pred                1
total               4

Select jobs to execute...

[Fri Feb 13 22:58:03 2026]
rule get_features:
    input: /storage/douyanmeiLab/yangzhirui/SpaceTracer/demo_input/Spaceranger_result/outs, /storage/douyanmeiLab/yangzhirui/SpaceTracer/demo_input/Spaceranger_result/outs/spatial/tissue_positions.csv, /storage/douyanmeiLab/yangzhirui/SpaceTracer/Resources/genome.fa, demo/bam_filter/IN.bam, demo/bam_filter/IN_filter.bam, demo/cluster_info/result/demo_results.h5ad, demo/counts_files/demo.spot.count.out, demo/counts_files/demo.cluster_filter.count.out, demo/counts_files/demo.ind_filter.count.out, demo/cluster_info/result/demo_cluster.txt, demo/demo.prior.out, demo/geno_files/demo.ind_genotype_filter.out, demo/geno_files/demo.germ_genotype.out, demo/geno_files/demo.cluster_vaf.out, demo/geno_files/demo.spot_genotype.out, demo/error/demo.lysis_profile.txt
    output: demo/features_dir/demo.spatial_feature.txt, demo/features_dir/demo.features.txt, demo/features_dir/all_RF_filter_hFDR_less_08_feature_remove_AtoG.txt
    jobid: 3
    reason: Forced execution
    wildcards: sample=demo
    resources: tmpdir=/tmp

[Fri Feb 13 23:08:15 2026]
Finished job 3.
1 of 4 steps (25%) done
Select jobs to execute...

[Fri Feb 13 23:08:15 2026]
rule pred:
    input: demo/features_dir/all_RF_filter_hFDR_less_08_feature_remove_AtoG.txt
    output: demo/predict_spatial_feature_preserved/results/demo_total_pred_truesites.txt, demo/predict_spatial_feature_free/results/demo_total_pred_truesites.txt
    jobid: 2
    reason: Input files updated by another job: demo/features_dir/all_RF_filter_hFDR_less_08_feature_remove_AtoG.txt
    wildcards: sample=demo
    resources: tmpdir=/tmp

[Fri Feb 13 23:08:22 2026]
Error in rule pred:
    jobid: 2
    input: demo/features_dir/all_RF_filter_hFDR_less_08_feature_remove_AtoG.txt
    output: demo/predict_spatial_feature_preserved/results/demo_total_pred_truesites.txt, demo/predict_spatial_feature_free/results/demo_total_pred_truesites.txt
    shell:
        
        python /storage/douyanmeiLab/yangzhirui/SpaceTracer//4_run_model_predict.py predict              --input demo/features_dir/all_RF_filter_hFDR_less_08_feature_remove_AtoG.txt             --outdir demo/predict_spatial_feature_preserved             -s demo             --train FALSE --thr_altcount 5 --phase_refine FALSE  --save FALSE             --model_dir /storage/douyanmeiLab/yangzhirui/SpaceTracer//models_trained/spatial_feature_preserved_model             --model_name spatial_feature_preserved
        
        python /storage/douyanmeiLab/yangzhirui/SpaceTracer//4_run_model_predict.py predict             --input demo/features_dir/all_RF_filter_hFDR_less_08_feature_remove_AtoG.txt             --outdir demo/predict_spatial_feature_free             -s demo             --train FALSE --thr_altcount 5 --phase_refine FALSE  --save FALSE             --model_dir /storage/douyanmeiLab/yangzhirui/SpaceTracer//models_trained/spatial_feature_free_model             --no_spatial             --model_name spatial_feature_free
        
        (one of the commands exited with non-zero exit code; note that snakemake uses bash strict mode!)

Removing output files of failed job pred since they might be corrupted:
demo/predict_spatial_feature_preserved/results/demo_total_pred_truesites.txt
Shutting down, this might take some time.
Exiting because a job execution failed. Look above for error message
Complete log: ../.snakemake/log/2026-02-13T225802.525944.snakemake.log
