Config file config.txt is extended by additional config specified via the command line.
Building DAG of jobs...
Using shell: /bin/bash
Provided cores: 2
Rules claiming more threads will be scaled down.
Job stats:
job                   count
------------------  -------
all                       1
cellnum                   1
combine_umi_counts        1
filter                    1
genotyper                 1
get_error_profile         1
get_features              1
mpileup                   1
pred                      1
prior                     1
total                    10

Select jobs to execute...

[Wed Feb 11 17:00:48 2026]
rule mpileup:
    input: demo/bam_filter/IN.bam, /storage/douyanmeiLab/yangzhirui/SpaceTracer/Resources/genome.fa, /storage/douyanmeiLab/yangzhirui/SpaceTracer/Resources/genome.fa.fai
    output: demo/bam_filter/IN_filter.bam, demo/demo_mpileup.filter.result, demo/demo_mpileup.candidate_error.result
    jobid: 5
    reason: Missing output files: demo/demo_mpileup.candidate_error.result, demo/demo_mpileup.filter.result
    wildcards: sample=demo
    resources: tmpdir=/tmp

[Wed Feb 11 17:00:50 2026]
Finished job 5.
1 of 10 steps (10%) done
Select jobs to execute...

[Wed Feb 11 17:00:50 2026]
rule cellnum:
    input: demo/bam_filter/IN_filter.bam, demo/cluster_info/result/demo_cluster.txt
    output: demo/refined_umi_read_cellNum.txt
    jobid: 10
    reason: Missing output files: demo/refined_umi_read_cellNum.txt; Updated input files: demo/cluster_info/result/demo_cluster.txt; Input files updated by another job: demo/bam_filter/IN_filter.bam
    wildcards: sample=demo
    resources: tmpdir=/tmp


[Wed Feb 11 17:00:50 2026]
rule get_error_profile:
    input: demo/bam_filter/IN.bam, demo/demo_mpileup.candidate_error.result, /storage/douyanmeiLab/yangzhirui/SpaceTracer/demo_input/Spaceranger_result/outs/spatial/tissue_positions.csv
    output: demo/error/demo.prior.out, demo/error/demo.filter_falt.identifier.txt, demo/error/demo.error.count.out, demo/error/demo.lysis_error.txt, demo/error/demo.lysis_profile.txt
    jobid: 11
    reason: Missing output files: demo/error/demo.lysis_profile.txt; Input files updated by another job: demo/demo_mpileup.candidate_error.result
    wildcards: sample=demo
    resources: tmpdir=/tmp

RuleException in rule get_error_profile in file /storage/douyanmeiLab/yangzhirui/SpaceTracer/run_snakemake_for_conda, line 159:
AttributeError: 'InputFiles' object has no attribute 'annovar_info', when formatting the following:

        python {srcPath}/0_other_func.py prior             --outprefix {wildcards.sample}             --posfile {input.candiate_error_file}  --annovar {input.annovar_info}             --thread {threads}             --outdir {wildcards.sample}/error
        
        awk -v threshold=$(echo "1 - 1e-4" | bc) '
            {{
                base = $3;
                if (base == "A") value = $4;
                else if (base == "T") value = $5;
                else if (base == "C") value = $6;
                else if (base == "G") value = $7;           
                if (value + 0 > threshold + 0) {{  
                    print $0 "	" value;
                }}
            }}' {output.prior} |             awk '{{print $1, $2, ".",$3,"."}}' OFS="	" > {output.error_list}
        
        python {srcPath}/others/get_candidate_error.py error             -s {wildcards.sample}             --bam {input.bam_file}             --barcodes {input.tissue_positions}             --vcffile {output.error_list}             --outdir {wildcards.sample}/error/             --thread {threads} 
        
        awk '$9!=0{{print $1, $2, $2,$5,$8}}' OFS="	" {output.error_count} > {output.lysis_error}

        python {srcPath}/others/prepare_MutationSig.py             -i {output.lysis_error}              -o {output.error_profile}              --reverse  --mode RNA -c 3,4,5             -f {GENOME_FA}

        
