#chrom	pos	ID	ref	alt	cluster	spot_num	umi_count	qA	qT	qC	qG
chr22	22901301	.	C	A	bulk	313	1799,0,240,0	48:46,43:1515,46:229,50:3,49:6	NA	43:184,46:39,48:9,50:2,49:6	NA
chr22	22901307	.	T	C	bulk	353	0,2342,19,0	NA	48:63,43:1952,46:302,50:5,49:18,26:1,20:1	46:2,43:17	NA
chr22	22901316	.	A	C	bulk	491	392,0,2718,0	43:307,46:52,48:19,49:12,50:2	NA	46:256,43:2397,49:12,48:50,50:3	NA
chr22	22901319	.	A	C	bulk	987	6778,0,98,0	48:272,43:5322,46:1037,49:102,50:41,28:1,51:3	NA	43:82,46:12,51:1,48:2,49:1	NA
chr22	22901372	.	A	C	bulk	2332	25398,0,452,0	48:987,43:20009,46:3910,49:284,23:2,50:161,51:21,52:8,35:1,53:3,24:8,28:1,37:1,26:1,32:1	NA	43:360,46:62,48:20,49:7,50:3	NA
chr22	22901374	.	G	.	bulk	2349	0,0,0,25754	NA	NA	NA	48:996,43:20291,46:3960,49:294,32:3,50:158,51:23,52:7,24:7,23:3,28:7,39:1,53:3,37:1
chr22	22901395	.	A	G	bulk	3189	64494,0,0,1000	48:1996,43:52821,46:8928,49:488,50:211,52:9,51:32,24:3,30:1,53:4,32:1	NA	NA	48:34,43:831,46:124,50:1,49:7,28:1,51:1,37:1
chr22	22901401	.	T	.	bulk	3193	0,64963,0,0	NA	48:1984,43:53297,46:8929,49:462,32:2,50:199,24:31,39:2,52:6,51:31,28:9,26:2,53:4,37:3,21:1,40:1	NA	NA
chr22	22901405	.	C	A	bulk	3193	1307,0,63456,0	43:1261,46:34,48:8,53:1,26:1,49:2	NA	46:8603,43:52309,48:1856,49:433,24:31,32:8,50:164,28:17,52:4,51:21,30:2,35:5,20:1,53:1,37:1	NA
chr22	22906554	.	C	T	bulk	183	0,40,718,0	NA	48:10,43:11,53:1,51:3,50:2,49:3,52:1,46:9	43:377,48:71,49:56,50:28,46:157,52:5,51:16,54:2,53:4,44:1,24:1	NA
chr22	22906588	.	A	G	bulk	184	460,0,0,354	43:186,48:62,49:49,46:100,52:5,50:35,51:14,54:2,53:6,28:1	NA	NA	43:303,46:37,48:11,49:2,53:1
chr22	22906592	.	C	.	bulk	188	0,0,842,0	NA	NA	43:522,48:74,49:52,46:133,52:5,50:33,51:13,54:2,35:1,53:7	NA
chr22	22906663	.	T	G,A	bulk	261	68,1092,0,23	43:65,46:3	43:1010,46:62,50:5,49:4,51:2,48:7,52:1,24:1	NA	43:23
chr22	22906667	.	C	A	bulk	258	993,0,164,0	43:950,46:40,51:1,48:2	NA	43:127,46:22,50:5,49:3,51:2,48:5	NA
chr22	22906669	.	T	G,C,A	bulk	258	781,79,166,87	43:729,46:41,50:3,49:3,51:2,48:3	43:77,46:2	43:164,46:2	43:85,46:2
chr22	22906682	.	A	C	bulk	108	118,0,99,0	43:116,46:2	NA	43:97,28:1,46:1	NA
chr22	22906685	.	A	C	bulk	250	907,0,92,0	43:867,46:37,49:1,48:2	NA	43:89,46:3	NA
chr22	22906719	.	G	C,T,A	bulk	166	18,15,9,412	43:18	43:11,49:1,48:1,46:2	43:9	43:392,46:18,48:2
chr22	22906720	.	G	C,T,A	bulk	164	11,7,21,403	43:11	43:7	43:17,49:1,48:1,46:2	43:382,46:19,48:2
