#chrom	pos	ID	ref	alt	cluster	spot_num	umi_count	qA	qT	qC	qG
chr22	22901301	.	C	A	0_0	29	26,0,4,0	48:1,43:24,46:1	NA	43:4	NA
chr22	22901301	.	C	A	0_19	2	2,0,0,0	43:2	NA	NA	NA
chr22	22901301	.	C	A	1_0	73	75,0,13,0	43:66,46:9	NA	43:12,46:1	NA
chr22	22901301	.	C	A	2_0	14	14,0,0,0	43:14	NA	NA	NA
chr22	22901301	.	C	A	2_1	2	2,0,0,0	43:2	NA	NA	NA
chr22	22901301	.	C	A	3_0	12	10,0,2,0	43:9,46:1	NA	43:2	NA
chr22	22901301	.	C	A	4_0	16	17,0,2,0	43:16,46:1	NA	43:2	NA
chr22	22901301	.	C	A	4_3	1	1,0,0,0	43:1	NA	NA	NA
chr22	22901301	.	C	A	5_0	144	1629,0,215,0	43:1362,46:213,48:45,50:3,49:6	NA	43:161,46:37,48:9,50:2,49:6	NA
chr22	22901301	.	C	A	5_1	7	6,0,1,0	43:4,46:2	NA	43:1	NA
chr22	22901301	.	C	A	5_10	5	5,0,1,0	43:5	NA	43:1	NA
chr22	22901301	.	C	A	5_5	2	4,0,1,0	43:3,46:1	NA	46:1	NA
chr22	22901301	.	C	A	5_6	4	6,0,0,0	43:5,46:1	NA	NA	NA
chr22	22901301	.	C	.	6_0	1	0,0,1,0	NA	NA	43:1	NA
chr22	22901301	.	C	A	6_1	1	2,0,0,0	43:2	NA	NA	NA
chr22	22901307	.	T	C	0_0	37	0,37,1,0	NA	48:1,43:34,46:2	46:1	NA
chr22	22901307	.	T	.	0_1	1	0,1,0,0	NA	43:1	NA	NA
chr22	22901307	.	T	.	0_19	3	0,3,0,0	NA	43:3	NA	NA
chr22	22901307	.	T	.	1_0	80	0,98,0,0	NA	43:88,46:9,48:1	NA	NA
chr22	22901307	.	T	.	2_0	17	0,17,0,0	NA	43:17	NA	NA
chr22	22901307	.	T	.	2_1	2	0,2,0,0	NA	43:2	NA	NA
chr22	22901307	.	T	.	3_0	16	0,17,0,0	NA	43:16,46:1	NA	NA
chr22	22901307	.	T	C	4_0	24	0,26,2,0	NA	43:25,46:1	43:2	NA
chr22	22901307	.	T	.	4_3	1	0,1,0,0	NA	43:1	NA	NA
chr22	22901307	.	T	C	5_0	148	0,2107,16,0	NA	43:1737,46:284,48:61,50:5,49:18,26:1,20:1	43:15,46:1	NA
chr22	22901307	.	T	.	5_1	8	0,8,0,0	NA	43:6,46:2	NA	NA
chr22	22901307	.	T	.	5_10	7	0,10,0,0	NA	43:10	NA	NA
chr22	22901307	.	T	.	5_5	2	0,5,0,0	NA	43:3,46:2	NA	NA
chr22	22901307	.	T	.	5_6	4	0,6,0,0	NA	43:5,46:1	NA	NA
chr22	22901307	.	T	.	6_0	1	0,1,0,0	NA	43:1	NA	NA
chr22	22901307	.	T	.	6_1	2	0,3,0,0	NA	43:3	NA	NA
chr22	22901316	.	A	C	0_0	60	6,0,58,0	43:5,46:1	NA	46:3,43:53,49:1,48:1	NA
chr22	22901316	.	A	C	0_1	3	0,0,3,0	NA	NA	43:3	NA
chr22	22901316	.	A	C	0_19	4	2,0,3,0	43:2	NA	43:3	NA
chr22	22901316	.	A	C	1_0	108	16,0,137,0	43:15,46:1	NA	43:124,46:12,48:1	NA
chr22	22901316	.	A	C	1_7	1	0,0,1,0	NA	NA	43:1	NA
chr22	22901316	.	A	C	2_0	24	3,0,22,0	43:3	NA	43:22	NA
chr22	22901316	.	A	C	2_1	2	0,0,2,0	NA	NA	43:2	NA
chr22	22901316	.	A	C	3_0	30	10,0,20,0	43:9,48:1	NA	43:19,46:1	NA
chr22	22901316	.	A	C	3_1	3	0,0,3,0	NA	NA	43:2,46:1	NA
chr22	22901316	.	A	C	4_0	39	7,0,37,0	43:7	NA	43:34,46:3	NA
chr22	22901316	.	A	C	4_3	1	0,0,1,0	NA	NA	43:1	NA
chr22	22901316	.	A	C	5_0	168	332,0,2378,0	43:252,46:49,48:17,49:12,50:2	NA	43:2086,46:232,48:47,49:10,50:3	NA
chr22	22901316	.	A	C	5_1	18	9,0,11,0	43:8,48:1	NA	43:10,46:1	NA
chr22	22901316	.	A	C	5_10	9	2,0,16,0	43:2	NA	43:15,48:1	NA
chr22	22901316	.	A	C	5_2	2	1,0,1,0	43:1	NA	43:1	NA
chr22	22901316	.	A	C	5_5	5	3,0,6,0	46:1,43:2	NA	46:1,43:4,49:1	NA
chr22	22901316	.	A	C	5_6	4	0,0,10,0	NA	NA	46:1,43:9	NA
chr22	22901316	.	A	C	6_0	4	1,0,3,0	43:1	NA	43:2,46:1	NA
chr22	22901316	.	A	C	6_1	6	0,0,6,0	NA	NA	43:6	NA
chr22	22901319	.	A	C	0_0	167	213,0,2,0	48:5,43:178,46:24,49:5,50:1	NA	43:2	NA
chr22	22901319	.	A	.	0_1	4	5,0,0,0	43:5	NA	NA	NA
chr22	22901319	.	A	.	0_19	15	17,0,0,0	43:15,46:1,48:1	NA	NA	NA
chr22	22901319	.	A	C	1_0	247	426,0,9,0	43:341,46:66,48:14,49:3,50:2	NA	43:8,46:1	NA
chr22	22901319	.	A	.	1_7	1	1,0,0,0	43:1	NA	NA	NA
chr22	22901319	.	A	.	2_0	71	81,0,0,0	43:80,46:1	NA	NA	NA
chr22	22901319	.	A	.	2_1	9	9,0,0,0	43:8,49:1	NA	NA	NA
chr22	22901319	.	A	C	3_0	81	89,0,1,0	43:74,48:4,46:10,49:1	NA	43:1	NA
chr22	22901319	.	A	.	3_1	11	12,0,0,0	43:10,46:2	NA	NA	NA
chr22	22901319	.	A	C	4_0	85	116,0,1,0	43:101,48:2,46:11,49:1,50:1	NA	43:1	NA
chr22	22901319	.	A	.	4_3	4	5,0,0,0	43:4,46:1	NA	NA	NA
chr22	22901319	.	A	C	5_0	182	5562,0,85,0	43:4322,48:239,46:874,49:86,50:37,28:1,51:3	NA	43:70,46:11,51:1,48:2,49:1	NA
chr22	22901319	.	A	.	5_1	47	85,0,0,0	43:58,46:24,48:3	NA	NA	NA
chr22	22901319	.	A	.	5_10	14	56,0,0,0	43:46,46:5,48:2,49:3	NA	NA	NA
chr22	22901319	.	A	.	5_2	6	10,0,0,0	43:10	NA	NA	NA
chr22	22901319	.	A	.	5_5	8	17,0,0,0	43:10,46:6,49:1	NA	NA	NA
chr22	22901319	.	A	.	5_6	7	36,0,0,0	43:25,46:8,49:1,48:2	NA	NA	NA
chr22	22901319	.	A	.	6_0	14	17,0,0,0	43:15,46:2	NA	NA	NA
chr22	22901319	.	A	.	6_1	14	21,0,0,0	43:19,46:2	NA	NA	NA
chr22	22901372	.	A	C	0_0	485	992,0,12,0	48:24,43:853,46:105,49:7,23:1,50:2	NA	43:9,46:2,48:1	NA
chr22	22901372	.	A	.	0_1	15	27,0,0,0	43:26,46:1	NA	NA	NA
chr22	22901372	.	A	C	0_19	40	97,0,4,0	43:83,46:11,49:1,48:2	NA	43:4	NA
chr22	22901372	.	A	C	1_0	476	2097,0,28,0	43:1698,46:304,48:63,49:22,50:8,51:1,52:1	NA	43:23,46:3,48:2	NA
chr22	22901372	.	A	.	1_7	8	14,0,0,0	43:14	NA	NA	NA
chr22	22901372	.	A	C	2_0	300	502,0,10,0	43:477,46:24,50:1	NA	43:10	NA
chr22	22901372	.	A	C	2_1	19	36,0,1,0	43:36	NA	49:1	NA
chr22	22901372	.	A	C	3_0	273	514,0,7,0	43:471,49:2,46:31,48:10	NA	43:7	NA
chr22	22901372	.	A	C	3_1	39	71,0,2,0	43:68,46:3	NA	43:2	NA
chr22	22901372	.	A	C	4_0	218	621,0,11,0	43:573,48:10,46:34,49:3,50:1	NA	46:1,43:9,48:1	NA
chr22	22901372	.	A	.	4_3	25	50,0,0,0	43:46,46:4	NA	NA	NA
chr22	22901372	.	A	C	5_0	190	19201,0,357,0	43:14676,48:857,49:240,46:3237,50:148,51:20,52:7,35:1,53:3,24:8,28:1,37:1,23:1,26:1	NA	43:281,48:16,46:52,50:2,49:6	NA
chr22	22901372	.	A	C	5_1	78	336,0,11,0	43:271,46:57,48:7,49:1	NA	43:7,46:3,50:1	NA
chr22	22901372	.	A	C	5_10	17	261,0,1,0	43:207,46:42,48:8,50:1,49:3	NA	43:1	NA
chr22	22901372	.	A	.	5_2	10	35,0,0,0	43:33,46:2	NA	NA	NA
chr22	22901372	.	A	.	5_5	9	83,0,0,0	43:69,46:11,32:1,48:2	NA	NA	NA
chr22	22901372	.	A	C	5_6	11	214,0,6,0	43:173,46:33,49:5,48:3	NA	46:1,43:5	NA
chr22	22901372	.	A	C	6_0	66	124,0,1,0	43:119,48:1,46:4	NA	43:1	NA
chr22	22901372	.	A	C	6_1	45	108,0,1,0	43:101,46:7	NA	43:1	NA
chr22	22901372	.	A	.	6_2	8	15,0,0,0	43:15	NA	NA	NA
chr22	22901374	.	G	.	0_0	491	0,0,0,995	NA	NA	NA	48:24,43:858,46:103,49:8,32:1,50:1
chr22	22901374	.	G	.	0_1	16	0,0,0,27	NA	NA	NA	43:26,46:1
chr22	22901374	.	G	.	0_19	42	0,0,0,106	NA	NA	NA	43:91,46:10,48:4,49:1
chr22	22901374	.	G	.	1_0	480	0,0,0,2118	NA	NA	NA	43:1721,46:302,48:63,49:20,50:7,51:1,52:1,24:1,23:1,28:1
chr22	22901374	.	G	.	1_7	8	0,0,0,14	NA	NA	NA	43:14
chr22	22901374	.	G	.	2_0	301	0,0,0,515	NA	NA	NA	43:490,46:23,50:1,48:1
chr22	22901374	.	G	.	2_1	19	0,0,0,37	NA	NA	NA	43:36,24:1
chr22	22901374	.	G	.	3_0	274	0,0,0,521	NA	NA	NA	43:478,49:2,46:31,48:10
chr22	22901374	.	G	.	3_1	40	0,0,0,74	NA	NA	NA	43:71,46:3
chr22	22901374	.	G	.	4_0	218	0,0,0,628	NA	NA	NA	43:579,48:11,46:34,49:3,50:1
chr22	22901374	.	G	.	4_3	25	0,0,0,48	NA	NA	NA	43:44,46:4
chr22	22901374	.	G	.	5_0	190	0,0,0,19477	NA	NA	NA	43:14883,48:862,49:252,46:3288,32:2,50:145,28:5,51:22,52:6,39:1,24:5,53:3,23:2,37:1
chr22	22901374	.	G	.	5_1	79	0,0,0,353	NA	NA	NA	43:284,46:60,48:7,49:1,28:1
chr22	22901374	.	G	.	5_10	17	0,0,0,262	NA	NA	NA	43:209,46:42,48:7,50:1,49:3
chr22	22901374	.	G	.	5_2	10	0,0,0,35	NA	NA	NA	43:33,46:2
chr22	22901374	.	G	.	5_5	9	0,0,0,82	NA	NA	NA	43:68,46:11,50:1,48:2
chr22	22901374	.	G	.	5_6	11	0,0,0,216	NA	NA	NA	43:172,46:35,50:1,49:4,48:4
chr22	22901374	.	G	.	6_0	66	0,0,0,123	NA	NA	NA	43:118,48:1,46:4
chr22	22901374	.	G	.	6_1	45	0,0,0,107	NA	NA	NA	43:100,46:7
chr22	22901374	.	G	.	6_2	8	0,0,0,16	NA	NA	NA	43:16
chr22	22901395	.	A	G	0_0	779	4320,0,0,26	48:115,43:3723,46:460,49:18,50:4	NA	NA	48:1,43:22,46:3
chr22	22901395	.	A	.	0_1	26	187,0,0,0	43:164,46:21,48:2	NA	NA	NA
chr22	22901395	.	A	G	0_19	59	575,0,0,1	43:490,46:65,48:17,49:2,50:1	NA	NA	43:1
chr22	22901395	.	A	G	1_0	576	7070,0,0,14	43:5916,46:914,48:181,50:15,49:42,52:2	NA	NA	43:14
chr22	22901395	.	A	.	1_7	9	48,0,0,0	43:47,48:1	NA	NA	NA
chr22	22901395	.	A	G	2_0	462	2098,0,0,14	43:1990,46:100,50:1,49:1,48:6	NA	NA	43:14
chr22	22901395	.	A	G	2_1	24	158,0,0,1	43:150,49:2,46:6	NA	NA	43:1
chr22	22901395	.	A	G	3_0	399	2192,0,0,9	43:2023,49:3,46:134,48:32	NA	NA	43:9
chr22	22901395	.	A	G	3_1	75	329,0,0,2	43:314,46:15	NA	NA	43:2
chr22	22901395	.	A	G	4_0	263	2118,0,0,16	43:1964,46:119,48:30,49:4,50:1	NA	NA	43:15,46:1
chr22	22901395	.	A	G	4_3	26	217,0,0,2	43:202,46:14,48:1	NA	NA	43:2
chr22	22901395	.	A	G	5_0	190	39691,0,0,908	43:31190,48:1483,51:31,49:384,46:6404,50:183,52:7,24:3,30:1,53:4,32:1	NA	NA	43:744,46:120,50:1,48:33,49:7,28:1,51:1,37:1
chr22	22901395	.	A	G	5_1	87	2218,0,0,1	43:1857,49:13,46:296,48:51,50:1	NA	NA	43:1
chr22	22901395	.	A	G	5_10	18	944,0,0,1	43:759,46:145,48:31,51:1,49:8	NA	NA	43:1
chr22	22901395	.	A	.	5_2	11	157,0,0,0	43:136,48:5,46:16	NA	NA	NA
chr22	22901395	.	A	.	5_5	9	222,0,0,0	43:190,46:25,50:2,48:5	NA	NA	NA
chr22	22901395	.	A	G	5_6	11	982,0,0,1	43:796,46:145,50:3,49:9,48:29	NA	NA	43:1
chr22	22901395	.	A	G	6_0	96	484,0,0,3	43:461,48:1,46:20,49:2	NA	NA	43:3
chr22	22901395	.	A	G	6_1	58	444,0,0,1	43:410,46:28,48:6	NA	NA	43:1
chr22	22901395	.	A	.	6_2	11	40,0,0,0	43:39,46:1	NA	NA	NA
chr22	22901401	.	T	.	0_0	780	0,4330,0,0	NA	48:117,43:3731,46:460,49:17,32:1,50:3,24:1	NA	NA
chr22	22901401	.	T	.	0_1	26	0,187,0,0	NA	43:164,46:21,48:2	NA	NA
chr22	22901401	.	T	.	0_19	59	0,578,0,0	NA	43:493,46:64,48:18,49:2,50:1	NA	NA
chr22	22901401	.	T	.	1_0	577	0,7046,0,0	NA	43:5907,46:900,48:181,50:15,49:38,24:3,39:1,52:1	NA	NA
chr22	22901401	.	T	.	1_7	9	0,47,0,0	NA	43:46,48:1	NA	NA
chr22	22901401	.	T	.	2_0	463	0,2102,0,0	NA	43:1994,46:100,50:1,49:1,48:6	NA	NA
chr22	22901401	.	T	.	2_1	25	0,159,0,0	NA	43:151,49:1,46:6,24:1	NA	NA
chr22	22901401	.	T	.	3_0	399	0,2197,0,0	NA	43:2029,49:3,46:134,48:31	NA	NA
chr22	22901401	.	T	.	3_1	75	0,329,0,0	NA	43:314,46:15	NA	NA
chr22	22901401	.	T	.	4_0	263	0,2118,0,0	NA	43:1965,46:118,48:30,49:4,50:1	NA	NA
chr22	22901401	.	T	.	4_3	26	0,219,0,0	NA	43:204,46:14,48:1	NA	NA
chr22	22901401	.	T	.	5_0	190	0,40161,0,0	NA	43:31651,48:1470,51:30,49:366,46:6421,50:173,28:8,24:24,52:5,26:2,53:4,37:3,39:1,21:1,32:1,40:1	NA	NA
chr22	22901401	.	T	.	5_1	87	0,2216,0,0	NA	43:1855,49:13,46:297,48:50,28:1	NA	NA
chr22	22901401	.	T	.	5_10	18	0,948,0,0	NA	43:760,46:148,48:31,51:1,49:7,24:1	NA	NA
chr22	22901401	.	T	.	5_2	11	0,157,0,0	NA	43:136,48:5,46:16	NA	NA
chr22	22901401	.	T	.	5_5	9	0,221,0,0	NA	43:190,46:24,50:2,48:5	NA	NA
chr22	22901401	.	T	.	5_6	11	0,984,0,0	NA	43:799,46:144,50:3,49:8,48:29,24:1	NA	NA
chr22	22901401	.	T	.	6_0	96	0,484,0,0	NA	43:462,48:1,46:19,49:2	NA	NA
chr22	22901401	.	T	.	6_1	58	0,439,0,0	NA	43:406,46:27,48:6	NA	NA
chr22	22901401	.	T	.	6_2	11	0,41,0,0	NA	43:40,46:1	NA	NA
chr22	22901405	.	C	A	0_0	780	65,0,4282,0	43:64,46:1	NA	46:444,43:3702,48:115,49:14,24:3,32:1,50:3	NA
chr22	22901405	.	C	A	0_1	26	4,0,182,0	43:4	NA	43:160,46:20,48:2	NA
chr22	22901405	.	C	A	0_19	59	8,0,570,0	43:8	NA	43:486,46:63,48:18,49:2,50:1	NA
chr22	22901405	.	C	A	1_0	577	131,0,6910,0	43:126,46:4,48:1	NA	43:5799,46:880,48:173,28:4,24:5,49:37,50:11,52:1	NA
chr22	22901405	.	C	.	1_7	9	0,0,49,0	NA	NA	43:48,48:1	NA
chr22	22901405	.	C	A	2_0	463	50,0,2058,0	43:49,48:1	NA	43:1954,46:97,50:1,49:1,48:5	NA
chr22	22901405	.	C	A	2_1	25	4,0,157,0	43:4	NA	43:150,49:2,46:5	NA
chr22	22901405	.	C	A	3_0	399	31,0,2172,0	43:31	NA	43:2009,49:3,46:130,48:30	NA
chr22	22901405	.	C	A	3_1	75	9,0,327,0	43:9	NA	43:312,46:15	NA
chr22	22901405	.	C	A	4_0	263	41,0,2079,0	43:40,46:1	NA	43:1935,46:110,48:29,49:4,50:1	NA
chr22	22901405	.	C	A	4_3	26	4,0,217,0	43:4	NA	43:202,46:14,48:1	NA
chr22	22901405	.	C	A	5_0	190	858,0,39069,0	43:824,46:24,48:6,53:1,26:1,49:2	NA	46:6171,43:30978,32:7,48:1364,49:338,51:21,50:142,24:23,52:3,28:13,30:2,35:4,20:1,53:1,37:1	NA
chr22	22901405	.	C	A	5_1	87	32,0,2182,0	46:1,43:31	NA	43:1836,49:13,46:286,48:46,50:1	NA
chr22	22901405	.	C	A	5_10	18	17,0,926,0	43:17	NA	43:744,46:146,48:27,35:1,49:8	NA
chr22	22901405	.	C	A	5_2	11	1,0,156,0	43:1	NA	43:135,48:5,46:16	NA
chr22	22901405	.	C	A	5_5	9	5,0,215,0	43:5	NA	46:21,43:187,50:2,48:5	NA
chr22	22901405	.	C	A	5_6	11	25,0,955,0	43:23,46:2	NA	43:777,46:139,49:9,48:28,50:2	NA
chr22	22901405	.	C	A	6_0	96	14,0,476,0	43:14	NA	43:453,48:1,46:20,49:2	NA
chr22	22901405	.	C	A	6_1	58	8,0,433,0	43:7,46:1	NA	43:402,46:25,48:6	NA
chr22	22901405	.	C	.	6_2	11	0,0,41,0	NA	NA	43:40,46:1	NA
chr22	22906554	.	C	.	0_0	9	0,0,9,0	NA	NA	43:6,48:1,49:2	NA
chr22	22906554	.	C	.	1_0	36	0,0,43,0	NA	NA	50:2,43:26,48:4,46:10,52:1	NA
chr22	22906554	.	C	.	2_0	1	0,0,1,0	NA	NA	43:1	NA
chr22	22906554	.	C	.	3_0	4	0,0,4,0	NA	NA	43:3,51:1	NA
chr22	22906554	.	C	.	4_0	2	0,0,2,0	NA	NA	43:1,46:1	NA
chr22	22906554	.	C	T	5_0	122	0,40,647,0	NA	48:10,43:11,53:1,51:3,50:2,49:3,52:1,46:9	54:2,48:66,43:332,49:53,50:26,46:143,51:15,53:4,52:4,44:1,24:1	NA
chr22	22906554	.	C	.	5_1	1	0,0,1,0	NA	NA	43:1	NA
chr22	22906554	.	C	.	5_10	3	0,0,3,0	NA	NA	43:2,46:1	NA
chr22	22906554	.	C	.	5_5	2	0,0,4,0	NA	NA	49:1,43:3	NA
chr22	22906554	.	C	.	5_6	2	0,0,3,0	NA	NA	43:1,46:2	NA
chr22	22906554	.	C	.	6_0	1	0,0,1,0	NA	NA	43:1	NA
chr22	22906588	.	A	G	0_0	9	8,0,0,1	43:5,48:1,49:2	NA	NA	43:1
chr22	22906588	.	A	G	1_0	33	24,0,0,16	43:11,46:5,48:4,52:1,50:3	NA	NA	46:1,43:15
chr22	22906588	.	A	G	2_0	2	1,0,0,1	43:1	NA	NA	43:1
chr22	22906588	.	A	G	3_0	3	2,0,0,1	51:1,43:1	NA	NA	43:1
chr22	22906588	.	A	.	3_1	1	1,0,0,0	43:1	NA	NA	NA
chr22	22906588	.	A	G	4_0	5	2,0,0,4	43:2	NA	NA	46:1,43:3
chr22	22906588	.	A	G	5_0	120	419,0,0,320	54:2,43:163,46:94,48:57,52:4,49:47,51:13,50:32,53:6,28:1	NA	NA	43:273,48:11,46:33,49:2,53:1
chr22	22906588	.	A	G	5_1	2	0,0,0,2	NA	NA	NA	43:2
chr22	22906588	.	A	G	5_10	4	2,0,0,3	43:1,46:1	NA	NA	43:2,46:1
chr22	22906588	.	A	G	5_5	2	1,0,0,2	43:1	NA	NA	43:2
chr22	22906588	.	A	G	5_6	2	0,0,0,3	NA	NA	NA	43:2,46:1
chr22	22906588	.	A	G	6_0	1	0,0,0,1	NA	NA	NA	43:1
chr22	22906592	.	C	.	0_0	9	0,0,9,0	NA	NA	43:6,48:1,49:2	NA
chr22	22906592	.	C	.	1_0	33	0,0,41,0	NA	NA	46:6,43:27,48:4,52:1,50:3	NA
chr22	22906592	.	C	.	2_0	2	0,0,2,0	NA	NA	43:2	NA
chr22	22906592	.	C	.	3_0	3	0,0,3,0	NA	NA	43:2,51:1	NA
chr22	22906592	.	C	.	3_1	1	0,0,1,0	NA	NA	43:1	NA
chr22	22906592	.	C	.	4_0	5	0,0,6,0	NA	NA	43:5,46:1	NA
chr22	22906592	.	C	.	5_0	124	0,0,766,0	NA	NA	54:2,43:467,48:69,46:124,52:4,49:50,35:1,50:30,51:12,53:7	NA
chr22	22906592	.	C	.	5_1	2	0,0,2,0	NA	NA	43:2	NA
chr22	22906592	.	C	.	5_10	4	0,0,6,0	NA	NA	43:4,46:2	NA
chr22	22906592	.	C	.	5_5	2	0,0,3,0	NA	NA	43:3	NA
chr22	22906592	.	C	.	5_6	2	0,0,2,0	NA	NA	43:2	NA
chr22	22906592	.	C	.	6_0	1	0,0,1,0	NA	NA	43:1	NA
chr22	22906663	.	T	G	0_0	13	0,13,0,1	NA	43:13	NA	43:1
chr22	22906663	.	T	A	0_19	7	1,6,0,0	43:1	43:6	NA	NA
chr22	22906663	.	T	A,G	1_0	49	4,60,0,2	43:4	43:57,46:2,50:1	NA	43:2
chr22	22906663	.	T	.	2_0	7	0,7,0,0	NA	43:7	NA	NA
chr22	22906663	.	T	.	3_0	5	0,5,0,0	NA	43:5	NA	NA
chr22	22906663	.	T	A	4_0	12	1,11,0,0	43:1	43:11	NA	NA
chr22	22906663	.	T	A,G	5_0	142	61,956,0,19	43:58,46:3	50:4,43:880,46:57,49:4,51:2,48:7,52:1,24:1	NA	43:19
chr22	22906663	.	T	.	5_1	9	0,11,0,0	NA	43:10,46:1	NA	NA
chr22	22906663	.	T	.	5_10	7	0,13,0,0	NA	43:11,46:2	NA	NA
chr22	22906663	.	T	.	5_5	1	0,1,0,0	NA	43:1	NA	NA
chr22	22906663	.	T	G	5_6	5	0,6,0,1	NA	43:6	NA	43:1
chr22	22906663	.	T	.	6_0	2	0,2,0,0	NA	43:2	NA	NA
chr22	22906663	.	T	.	6_1	1	0,1,0,0	NA	43:1	NA	NA
chr22	22906663	.	T	A	6_2	1	1,0,0,0	43:1	NA	NA	NA
chr22	22906667	.	C	A	0_0	13	11,0,3,0	43:11	NA	43:3	NA
chr22	22906667	.	C	A	0_19	7	7,0,0,0	43:7	NA	NA	NA
chr22	22906667	.	C	A	1_0	47	60,0,4,0	43:59,46:1	NA	46:1,43:2,50:1	NA
chr22	22906667	.	C	A	2_0	7	7,0,0,0	43:7	NA	NA	NA
chr22	22906667	.	C	A	3_0	5	5,0,0,0	43:5	NA	NA	NA
chr22	22906667	.	C	A	4_0	12	11,0,1,0	43:11	NA	43:1	NA
chr22	22906667	.	C	A	5_0	141	858,0,154,0	43:818,46:37,51:1,48:2	NA	50:4,43:120,46:20,49:3,51:2,48:5	NA
chr22	22906667	.	C	A	5_1	9	11,0,0,0	43:10,46:1	NA	NA	NA
chr22	22906667	.	C	A	5_10	7	11,0,2,0	43:10,46:1	NA	43:1,46:1	NA
chr22	22906667	.	C	A	5_6	5	7,0,0,0	43:7	NA	NA	NA
chr22	22906667	.	C	A	6_0	2	2,0,0,0	43:2	NA	NA	NA
chr22	22906667	.	C	A	6_1	2	2,0,0,0	43:2	NA	NA	NA
chr22	22906667	.	C	A	6_2	1	1,0,0,0	43:1	NA	NA	NA
chr22	22906669	.	T	A,C	0_0	13	11,0,3,0	43:11	NA	43:3	NA
chr22	22906669	.	T	A	0_19	7	7,0,0,0	43:7	NA	NA	NA
chr22	22906669	.	T	A,C,G	1_0	47	44,2,9,5	43:42,46:2	43:2	43:9	43:5
chr22	22906669	.	T	A	2_0	7	7,0,0,0	43:7	NA	NA	NA
chr22	22906669	.	T	A	3_0	5	5,0,0,0	43:5	NA	NA	NA
chr22	22906669	.	T	A,C	4_0	12	8,0,4,0	43:8	NA	43:4	NA
chr22	22906669	.	T	A,C,G	5_0	141	675,74,144,80	50:3,43:627,46:37,49:3,51:2,48:3	43:72,46:2	46:2,43:142	43:78,46:2
chr22	22906669	.	T	A,C	5_1	9	10,0,1,0	43:9,46:1	NA	43:1	NA
chr22	22906669	.	T	A,C,G	5_10	7	8,0,3,1	43:7,46:1	NA	43:3	43:1
chr22	22906669	.	T	A,C,G	5_6	5	2,3,1,1	43:2	43:3	43:1	43:1
chr22	22906669	.	T	A	6_0	2	2,0,0,0	43:2	NA	NA	NA
chr22	22906669	.	T	A,C	6_1	2	1,0,1,0	43:1	NA	43:1	NA
chr22	22906669	.	T	A	6_2	1	1,0,0,0	43:1	NA	NA	NA
chr22	22906682	.	A	C	0_0	6	3,0,3,0	43:3	NA	43:3	NA
chr22	22906682	.	A	C	0_19	1	0,0,1,0	NA	NA	43:1	NA
chr22	22906682	.	A	C	1_0	13	7,0,7,0	43:7	NA	43:7	NA
chr22	22906682	.	A	.	3_0	4	4,0,0,0	43:4	NA	NA	NA
chr22	22906682	.	A	C	4_0	3	2,0,1,0	43:2	NA	43:1	NA
chr22	22906682	.	A	C	5_0	76	100,0,84,0	43:98,46:2	NA	43:82,28:1,46:1	NA
chr22	22906682	.	A	C	5_1	1	0,0,1,0	NA	NA	43:1	NA
chr22	22906682	.	A	C	5_10	2	1,0,1,0	43:1	NA	43:1	NA
chr22	22906682	.	A	.	5_6	1	1,0,0,0	43:1	NA	NA	NA
chr22	22906682	.	A	C	6_1	1	0,0,1,0	NA	NA	43:1	NA
chr22	22906685	.	A	C	0_0	13	11,0,2,0	43:11	NA	43:2	NA
chr22	22906685	.	A	.	0_19	7	7,0,0,0	43:7	NA	NA	NA
chr22	22906685	.	A	C	1_0	46	59,0,1,0	43:58,46:1	NA	43:1	NA
chr22	22906685	.	A	C	2_0	7	5,0,2,0	43:5	NA	43:2	NA
chr22	22906685	.	A	.	3_0	5	5,0,0,0	43:5	NA	NA	NA
chr22	22906685	.	A	C	4_0	11	10,0,1,0	43:10	NA	43:1	NA
chr22	22906685	.	A	C	5_0	137	781,0,84,0	46:35,43:743,49:1,48:2	NA	43:82,46:2	NA
chr22	22906685	.	A	.	5_1	9	11,0,0,0	43:10,46:1	NA	NA	NA
chr22	22906685	.	A	C	5_10	6	7,0,2,0	43:7	NA	43:1,46:1	NA
chr22	22906685	.	A	.	5_6	4	6,0,0,0	43:6	NA	NA	NA
chr22	22906685	.	A	.	6_0	2	2,0,0,0	43:2	NA	NA	NA
chr22	22906685	.	A	.	6_1	2	2,0,0,0	43:2	NA	NA	NA
chr22	22906685	.	A	.	6_2	1	1,0,0,0	43:1	NA	NA	NA
chr22	22906719	.	G	.	0_0	5	0,0,0,5	NA	NA	NA	43:5
chr22	22906719	.	G	C	0_19	3	0,0,1,2	NA	NA	43:1	43:2
chr22	22906719	.	G	A,T	1_0	23	1,1,0,23	43:1	43:1	NA	43:22,46:1
chr22	22906719	.	G	.	2_0	3	0,0,0,3	NA	NA	NA	43:3
chr22	22906719	.	G	.	3_0	3	0,0,0,3	NA	NA	NA	43:3
chr22	22906719	.	G	.	4_0	3	0,0,0,3	NA	NA	NA	43:3
chr22	22906719	.	G	A,T,C	5_0	113	17,13,8,361	43:17	49:1,43:9,48:1,46:2	43:8	43:343,46:16,48:2
chr22	22906719	.	G	.	5_1	5	0,0,0,5	NA	NA	NA	43:4,46:1
chr22	22906719	.	G	T	5_10	3	0,1,0,2	NA	43:1	NA	43:2
chr22	22906719	.	G	.	5_6	2	0,0,0,2	NA	NA	NA	43:2
chr22	22906719	.	G	.	6_0	1	0,0,0,1	NA	NA	NA	43:1
chr22	22906719	.	G	.	6_1	1	0,0,0,1	NA	NA	NA	43:1
chr22	22906719	.	G	.	6_2	1	0,0,0,1	NA	NA	NA	43:1
chr22	22906720	.	G	C	0_0	5	0,0,1,4	NA	NA	43:1	43:4
chr22	22906720	.	G	.	0_19	3	0,0,0,3	NA	NA	NA	43:3
chr22	22906720	.	G	T,C	1_0	23	0,2,1,21	NA	43:2	43:1	43:20,46:1
chr22	22906720	.	G	.	2_0	3	0,0,0,3	NA	NA	NA	43:3
chr22	22906720	.	G	.	3_0	3	0,0,0,3	NA	NA	NA	43:3
chr22	22906720	.	G	.	4_0	3	0,0,0,3	NA	NA	NA	43:3
chr22	22906720	.	G	C,A,T	5_0	111	10,5,19,354	43:10	43:5	49:1,43:15,48:1,46:2	43:335,46:17,48:2
chr22	22906720	.	G	A	5_1	5	1,0,0,4	43:1	NA	NA	43:3,46:1
chr22	22906720	.	G	.	5_10	3	0,0,0,3	NA	NA	NA	43:3
chr22	22906720	.	G	.	5_6	2	0,0,0,2	NA	NA	NA	43:2
chr22	22906720	.	G	.	6_0	1	0,0,0,1	NA	NA	NA	43:1
chr22	22906720	.	G	.	6_1	1	0,0,0,1	NA	NA	NA	43:1
chr22	22906720	.	G	.	6_2	1	0,0,0,1	NA	NA	NA	43:1
