#chrom	site	ID	germline	mutant	cluster	spot_number	consensus_read_count	genotype	p_mosaic	Gi	vaf
chr22	22901301	.	C	A	bulk	313	1799,0,240,0	mosaic	1.0	0/1	0.8828828828828829
chr22	22901307	.	T	C	bulk	353	0,2342,19,0	mosaic	0.9999999999999993	0/1	0.008
chr22	22901316	.	A	C	bulk	491	392,0,2718,0	mosaic	1.0	0/1	0.8731268731268731
chr22	22901319	.	A	C	bulk	987	6778,0,98,0	mosaic	1.0	0/1	0.014
chr22	22901372	.	A	C	bulk	2332	25398,0,452,0	mosaic	1.0	0/1	0.017034068136272545
chr22	22901395	.	A	G	bulk	3189	64494,0,0,1000	mosaic	1.0	0/1	0.016016016016016016
chr22	22901405	.	C	A	bulk	3193	1307,0,63456,0	mosaic	1.0	0/1	0.02
chr22	22906554	.	C	T	bulk	183	0,40,718,0	mosaic	1.0	0/1	0.052770448548812667
chr22	22906588	.	A	G	bulk	184	460,0,0,354	germline	3.895700870730513e-05	0/1	0.4348894348894349
chr22	22906663	.	T	A	bulk	261	68,1092,0,23	mosaic	1.0	0/1	0.058
chr22	22906663	.	T	G	bulk	261	68,1092,0,23	mosaic	1.0	0/1	0.019
chr22	22906667	.	C	A	bulk	258	993,0,164,0	mosaic	1.0	0/1	0.8581418581418582
chr22	22906669	.	T,A	C	bulk	258	781,79,166,87	mosaic	1.0	0/1	0.14885114885114886
chr22	22906669	.	T,A	G	bulk	258	781,79,166,87	mosaic	1.0	0/1	0.07792207792207792
chr22	22906682	.	A	C	bulk	108	118,0,99,0	mosaic	0.9948790730617076	0/1	0.45622119815668205
chr22	22906685	.	A	C	bulk	250	907,0,92,0	mosaic	1.0	0/1	0.0920920920920921
chr22	22906719	.	G	A	bulk	166	18,15,9,412	mosaic	1.0	0/1	0.039647577092511016
chr22	22906719	.	G	T	bulk	166	18,15,9,412	mosaic	1.0	0/1	0.03303964757709251
chr22	22906719	.	G	C	bulk	166	18,15,9,412	mosaic	0.9999999999906641	0/1	0.019823788546255508
chr22	22906720	.	G	C	bulk	164	11,7,21,403	mosaic	1.0	0/1	0.04751131221719457
chr22	22906720	.	G	A	bulk	164	11,7,21,403	mosaic	1.0	0/1	0.024886877828054297
chr22	22906720	.	G	T	bulk	164	11,7,21,403	mosaic	0.9999987312205828	0/1	0.01583710407239819
