#chrom	site	genotype	allele	count	prior
chr22	22901301	het	C,A	240,1799	1e-05,1e-05
chr22	22901307	refhom	T	2342	1e-05
chr22	22901316	het	A,C	392,2718	1e-05,1e-05
chr22	22901319	refhom	A	6778	0.999993423
chr22	22901372	refhom	A	25398	0.99998685
chr22	22901395	refhom	A	64494	1.0
chr22	22901405	refhom	C	63456	1.0
chr22	22906554	refhom	C	718	0.999993378
chr22	22906588	het	A,G	460,354	0.8698,0.1302
chr22	22906663	refhom	T	1092	1e-05
chr22	22906663	refhom	T	1092	1e-05
chr22	22906667	het	C,A	164,993	1e-05,1e-05
chr22	22906669	het	T,A	79,781	1e-05,1e-05
chr22	22906669	het	T,A	79,781	1e-05,1e-05
chr22	22906682	het	A,C	118,99	1e-05,1e-05
chr22	22906685	het	A,C	907,92	1.0,1e-05
chr22	22906719	refhom	G	412	0.999980035
chr22	22906719	refhom	G	412	0.999980035
chr22	22906719	refhom	G	412	0.999980035
chr22	22906720	refhom	G	403	0.999993364
chr22	22906720	refhom	G	403	0.999993364
chr22	22906720	refhom	G	403	0.999993364
