#chrom	site	ID	germline	mutant	cluster	spot_number	consensus_read_count	vaf
chr22	22901307	.	T	C	0_0	37	0,37,1,0	0.02631578947368421
chr22	22901307	.	T	C	0_1	1	0,1,0,0	0.0
chr22	22901307	.	T	C	0_19	3	0,3,0,0	0.0
chr22	22901307	.	T	C	1_0	80	0,99,0,0	0.0
chr22	22901307	.	T	C	2_0	17	0,17,0,0	0.0
chr22	22901307	.	T	C	2_1	2	0,2,0,0	0.0
chr22	22901307	.	T	C	3_0	16	0,17,0,0	0.0
chr22	22901307	.	T	C	4_0	24	0,26,2,0	0.07142857142857142
chr22	22901307	.	T	C	4_3	1	0,1,0,0	0.0
chr22	22901307	.	T	C	5_0	148	1,2108,17,0	0.00799623706491063
chr22	22901307	.	T	C	5_1	8	0,8,0,0	0.0
chr22	22901307	.	T	C	5_10	7	0,10,0,0	0.0
chr22	22901307	.	T	C	5_5	2	0,5,0,0	0.0
chr22	22901307	.	T	C	5_6	4	0,6,0,0	0.0
chr22	22901307	.	T	C	6_0	1	0,1,0,0	0.0
chr22	22901307	.	T	C	6_1	2	0,3,0,0	0.0
chr22	22901319	.	A	C	0_0	167	214,0,2,0	0.009259259259259259
chr22	22901319	.	A	C	0_1	4	5,0,0,0	0.0
chr22	22901319	.	A	C	0_19	15	17,0,0,0	0.0
chr22	22901319	.	A	C	1_0	247	427,2,9,0	0.02054794520547945
chr22	22901319	.	A	C	1_7	1	1,0,0,0	0.0
chr22	22901319	.	A	C	2_0	71	81,0,0,0	0.0
chr22	22901319	.	A	C	2_1	9	9,0,0,0	0.0
chr22	22901319	.	A	C	3_0	81	89,0,1,0	0.011111111111111112
chr22	22901319	.	A	C	3_1	11	12,0,0,0	0.0
chr22	22901319	.	A	C	4_0	85	116,0,1,0	0.008547008547008548
chr22	22901319	.	A	C	4_3	4	5,0,0,0	0.0
chr22	22901319	.	A	C	5_0	182	5566,2,86,3	0.015202404101113665
chr22	22901319	.	A	C	5_1	47	85,0,0,0	0.0
chr22	22901319	.	A	C	5_10	14	56,0,0,1	0.0
chr22	22901319	.	A	C	5_2	6	10,0,0,0	0.0
chr22	22901319	.	A	C	5_5	8	17,0,0,0	0.0
chr22	22901319	.	A	C	5_6	7	36,0,0,0	0.0
chr22	22901319	.	A	C	6_0	14	17,0,0,0	0.0
chr22	22901319	.	A	C	6_1	14	21,0,0,0	0.0
chr22	22901372	.	A	C	0_0	485	992,0,12,0	0.01195219123505976
chr22	22901372	.	A	C	0_1	15	27,0,0,0	0.0
chr22	22901372	.	A	C	0_19	40	97,0,4,0	0.039603960396039604
chr22	22901372	.	A	C	1_0	476	2100,1,28,1	0.013145539906103286
chr22	22901372	.	A	C	1_7	8	14,0,0,0	0.0
chr22	22901372	.	A	C	2_0	300	503,0,10,2	0.019417475728155338
chr22	22901372	.	A	C	2_1	19	36,1,1,0	0.02631578947368421
chr22	22901372	.	A	C	3_0	273	515,0,7,2	0.013358778625954198
chr22	22901372	.	A	C	3_1	39	71,0,2,0	0.0273972602739726
chr22	22901372	.	A	C	4_0	218	621,0,11,1	0.017377567140600316
chr22	22901372	.	A	C	4_3	25	50,0,0,0	0.0
chr22	22901372	.	A	C	5_0	190	19249,3,358,23	0.018234605001782714
chr22	22901372	.	A	C	5_1	78	336,0,11,0	0.03170028818443804
chr22	22901372	.	A	C	5_10	17	261,0,1,0	0.003816793893129771
chr22	22901372	.	A	C	5_2	10	35,0,0,0	0.0
chr22	22901372	.	A	C	5_5	9	83,0,0,0	0.0
chr22	22901372	.	A	C	5_6	11	215,0,6,0	0.027149321266968326
chr22	22901372	.	A	C	6_0	66	124,0,1,0	0.008
chr22	22901372	.	A	C	6_1	45	108,0,1,0	0.009174311926605505
chr22	22901372	.	A	C	6_2	8	15,0,0,0	0.0
chr22	22901395	.	A	G	0_0	779	4320,1,0,26	0.005981136415919025
chr22	22901395	.	A	G	0_1	26	187,0,0,0	0.0
chr22	22901395	.	A	G	0_19	59	575,0,0,1	0.001736111111111111
chr22	22901395	.	A	G	1_0	576	7071,3,3,15	0.0021150592216582064
chr22	22901395	.	A	G	1_7	9	48,0,0,0	0.0
chr22	22901395	.	A	G	2_0	462	2098,0,0,14	0.006628787878787879
chr22	22901395	.	A	G	2_1	24	158,0,0,1	0.006289308176100629
chr22	22901395	.	A	G	3_0	399	2192,1,1,9	0.0040853381752156154
chr22	22901395	.	A	G	3_1	75	329,0,0,2	0.006042296072507553
chr22	22901395	.	A	G	4_0	263	2118,1,0,16	0.007494145199063232
chr22	22901395	.	A	G	4_3	26	217,0,0,2	0.0091324200913242
chr22	22901395	.	A	G	5_0	190	39702,28,22,910	0.02237961733313659
chr22	22901395	.	A	G	5_1	87	2218,0,0,1	0.0004506534474988734
chr22	22901395	.	A	G	5_10	18	945,0,0,1	0.0010570824524312897
chr22	22901395	.	A	G	5_2	11	157,0,0,0	0.0
chr22	22901395	.	A	G	5_5	9	222,0,0,0	0.0
chr22	22901395	.	A	G	5_6	11	982,1,0,1	0.0010162601626016261
chr22	22901395	.	A	G	6_0	96	484,0,0,3	0.006160164271047228
chr22	22901395	.	A	G	6_1	58	444,0,0,1	0.0022471910112359553
chr22	22901395	.	A	G	6_2	11	40,0,0,0	0.0
chr22	22901405	.	C	A	0_0	780	65,0,4299,0	0.014894592117323557
chr22	22901405	.	C	A	0_1	26	4,1,183,0	0.02127659574468085
chr22	22901405	.	C	A	0_19	59	8,0,572,0	0.013793103448275862
chr22	22901405	.	C	A	1_0	577	132,3,6949,0	0.018633540372670808
chr22	22901405	.	C	A	1_7	9	0,0,49,0	0.0
chr22	22901405	.	C	A	2_0	463	50,1,2061,1	0.023663038334122102
chr22	22901405	.	C	A	2_1	25	4,0,158,0	0.024691358024691357
chr22	22901405	.	C	A	3_0	399	31,2,2176,0	0.01403349932095971
chr22	22901405	.	C	A	3_1	75	9,0,327,0	0.026785714285714284
chr22	22901405	.	C	A	4_0	263	41,1,2089,0	0.01923979352416706
chr22	22901405	.	C	A	4_3	26	4,0,217,0	0.01809954751131222
chr22	22901405	.	C	A	5_0	190	865,19,39428,5	0.021454969367760496
chr22	22901405	.	C	A	5_1	87	32,1,2195,1	0.014356213548676536
chr22	22901405	.	C	A	5_10	18	17,2,932,0	0.017875920084121977
chr22	22901405	.	C	A	5_2	11	1,0,156,0	0.006369426751592357
chr22	22901405	.	C	A	5_5	9	5,0,217,0	0.02252252252252252
chr22	22901405	.	C	A	5_6	11	25,0,962,0	0.025329280648429583
chr22	22901405	.	C	A	6_0	96	14,0,476,0	0.02857142857142857
chr22	22901405	.	C	A	6_1	58	8,1,435,0	0.018018018018018018
chr22	22901405	.	C	A	6_2	11	0,0,41,0	0.0
chr22	22906554	.	C	T	0_0	9	0,0,9,0	0.0
chr22	22906554	.	C	T	1_0	36	0,0,43,0	0.0
chr22	22906554	.	C	T	2_0	1	0,0,1,0	0.0
chr22	22906554	.	C	T	3_0	4	0,0,4,0	0.0
chr22	22906554	.	C	T	4_0	2	0,0,2,0	0.0
chr22	22906554	.	C	T	5_0	122	3,40,648,0	0.05788712011577424
chr22	22906554	.	C	T	5_1	1	0,0,1,0	0.0
chr22	22906554	.	C	T	5_10	3	0,0,3,0	0.0
chr22	22906554	.	C	T	5_5	2	0,0,4,0	0.0
chr22	22906554	.	C	T	5_6	2	0,0,3,0	0.0
chr22	22906554	.	C	T	6_0	1	0,0,1,0	0.0
chr22	22906663	.	T	A	0_0	13	0,13,0,1	0.0
chr22	22906663	.	T	G	0_0	13	0,13,0,1	0.07142857142857142
chr22	22906663	.	T	A	0_19	7	1,6,0,0	0.14285714285714285
chr22	22906663	.	T	G	0_19	7	1,6,0,0	0.0
chr22	22906663	.	T	A	1_0	49	4,60,0,2	0.06060606060606061
chr22	22906663	.	T	G	1_0	49	4,60,0,2	0.030303030303030304
chr22	22906663	.	T	A	2_0	7	0,7,0,0	0.0
chr22	22906663	.	T	G	2_0	7	0,7,0,0	0.0
chr22	22906663	.	T	A	3_0	5	0,5,0,0	0.0
chr22	22906663	.	T	G	3_0	5	0,5,0,0	0.0
chr22	22906663	.	T	A	4_0	12	1,11,0,0	0.08333333333333333
chr22	22906663	.	T	G	4_0	12	1,11,0,0	0.0
chr22	22906663	.	T	A	5_0	142	61,961,4,19	0.05837320574162679
chr22	22906663	.	T	G	5_0	142	61,961,4,19	0.01818181818181818
chr22	22906663	.	T	A	5_1	9	0,11,0,0	0.0
chr22	22906663	.	T	G	5_1	9	0,11,0,0	0.0
chr22	22906663	.	T	A	5_10	7	0,13,0,0	0.0
chr22	22906663	.	T	G	5_10	7	0,13,0,0	0.0
chr22	22906663	.	T	A	5_5	1	0,1,0,0	0.0
chr22	22906663	.	T	G	5_5	1	0,1,0,0	0.0
chr22	22906663	.	T	A	5_6	5	0,6,0,1	0.0
chr22	22906663	.	T	G	5_6	5	0,6,0,1	0.14285714285714285
chr22	22906663	.	T	A	6_0	2	0,2,0,0	0.0
chr22	22906663	.	T	G	6_0	2	0,2,0,0	0.0
chr22	22906663	.	T	A	6_1	1	0,1,0,0	0.0
chr22	22906663	.	T	G	6_1	1	0,1,0,0	0.0
chr22	22906663	.	T	A	6_2	1	1,0,0,0	1.0
chr22	22906663	.	T	G	6_2	1	1,0,0,0	0.0
chr22	22906669	.	T,A	C	0_0	13	11,0,3,0	0.21428571428571427
chr22	22906669	.	T,A	G	0_0	13	11,0,3,0	0.0
chr22	22906669	.	T,A	C	0_19	7	7,0,0,0	0.0
chr22	22906669	.	T,A	G	0_19	7	7,0,0,0	0.0
chr22	22906669	.	T,A	C	1_0	47	45,2,9,5	0.14754098360655737
chr22	22906669	.	T,A	G	1_0	47	45,2,9,5	0.08196721311475409
chr22	22906669	.	T,A	C	2_0	7	7,0,0,0	0.0
chr22	22906669	.	T,A	G	2_0	7	7,0,0,0	0.0
chr22	22906669	.	T,A	C	3_0	5	5,0,0,0	0.0
chr22	22906669	.	T,A	G	3_0	5	5,0,0,0	0.0
chr22	22906669	.	T,A	C	4_0	12	8,0,4,0	0.3333333333333333
chr22	22906669	.	T,A	G	4_0	12	8,0,4,0	0.0
chr22	22906669	.	T,A	C	5_0	141	689,74,145,80	0.14676113360323886
chr22	22906669	.	T,A	G	5_0	141	689,74,145,80	0.08097165991902834
chr22	22906669	.	T,A	C	5_1	9	10,0,1,0	0.09090909090909091
chr22	22906669	.	T,A	G	5_1	9	10,0,1,0	0.0
chr22	22906669	.	T,A	C	5_10	7	8,1,3,1	0.23076923076923078
chr22	22906669	.	T,A	G	5_10	7	8,1,3,1	0.07692307692307693
chr22	22906669	.	T,A	C	5_6	5	2,3,1,1	0.14285714285714285
chr22	22906669	.	T,A	G	5_6	5	2,3,1,1	0.14285714285714285
chr22	22906669	.	T,A	C	6_0	2	2,0,0,0	0.0
chr22	22906669	.	T,A	G	6_0	2	2,0,0,0	0.0
chr22	22906669	.	T,A	C	6_1	2	1,0,1,0	0.5
chr22	22906669	.	T,A	G	6_1	2	1,0,1,0	0.0
chr22	22906669	.	T,A	C	6_2	1	1,0,0,0	0.0
chr22	22906669	.	T,A	G	6_2	1	1,0,0,0	0.0
chr22	22906685	.	A	C	0_0	13	11,0,2,0	0.15384615384615385
chr22	22906685	.	A	C	0_19	7	7,0,0,0	0.0
chr22	22906685	.	A	C	1_0	46	59,0,1,1	0.01639344262295082
chr22	22906685	.	A	C	2_0	7	5,0,2,0	0.2857142857142857
chr22	22906685	.	A	C	3_0	5	5,0,0,0	0.0
chr22	22906685	.	A	C	4_0	11	10,0,1,0	0.09090909090909091
chr22	22906685	.	A	C	5_0	137	783,4,84,8	0.09556313993174062
chr22	22906685	.	A	C	5_1	9	11,0,0,0	0.0
chr22	22906685	.	A	C	5_10	6	7,1,2,0	0.2
chr22	22906685	.	A	C	5_6	4	6,0,0,0	0.0
chr22	22906685	.	A	C	6_0	2	2,0,0,0	0.0
chr22	22906685	.	A	C	6_1	2	2,0,0,0	0.0
chr22	22906685	.	A	C	6_2	1	1,0,0,0	0.0
chr22	22906719	.	G	A	0_0	5	0,0,0,5	0.0
chr22	22906719	.	G	T	0_0	5	0,0,0,5	0.0
chr22	22906719	.	G	C	0_0	5	0,0,0,5	0.0
chr22	22906719	.	G	A	0_19	3	0,0,1,2	0.0
chr22	22906719	.	G	T	0_19	3	0,0,1,2	0.0
chr22	22906719	.	G	C	0_19	3	0,0,1,2	0.3333333333333333
chr22	22906719	.	G	A	1_0	23	1,1,0,23	0.04
chr22	22906719	.	G	T	1_0	23	1,1,0,23	0.04
chr22	22906719	.	G	C	1_0	23	1,1,0,23	0.0
chr22	22906719	.	G	A	2_0	3	0,0,0,3	0.0
chr22	22906719	.	G	T	2_0	3	0,0,0,3	0.0
chr22	22906719	.	G	C	2_0	3	0,0,0,3	0.0
chr22	22906719	.	G	A	3_0	3	0,0,0,3	0.0
chr22	22906719	.	G	T	3_0	3	0,0,0,3	0.0
chr22	22906719	.	G	C	3_0	3	0,0,0,3	0.0
chr22	22906719	.	G	A	4_0	3	0,0,0,3	0.0
chr22	22906719	.	G	T	4_0	3	0,0,0,3	0.0
chr22	22906719	.	G	C	4_0	3	0,0,0,3	0.0
chr22	22906719	.	G	A	5_0	113	17,13,8,362	0.0425
chr22	22906719	.	G	T	5_0	113	17,13,8,362	0.0325
chr22	22906719	.	G	C	5_0	113	17,13,8,362	0.02
chr22	22906719	.	G	A	5_1	5	0,0,0,5	0.0
chr22	22906719	.	G	T	5_1	5	0,0,0,5	0.0
chr22	22906719	.	G	C	5_1	5	0,0,0,5	0.0
chr22	22906719	.	G	A	5_10	3	0,1,0,2	0.0
chr22	22906719	.	G	T	5_10	3	0,1,0,2	0.3333333333333333
chr22	22906719	.	G	C	5_10	3	0,1,0,2	0.0
chr22	22906719	.	G	A	5_6	2	0,0,0,2	0.0
chr22	22906719	.	G	T	5_6	2	0,0,0,2	0.0
chr22	22906719	.	G	C	5_6	2	0,0,0,2	0.0
chr22	22906719	.	G	A	6_0	1	0,0,0,1	0.0
chr22	22906719	.	G	T	6_0	1	0,0,0,1	0.0
chr22	22906719	.	G	C	6_0	1	0,0,0,1	0.0
chr22	22906719	.	G	A	6_1	1	0,0,0,1	0.0
chr22	22906719	.	G	T	6_1	1	0,0,0,1	0.0
chr22	22906719	.	G	C	6_1	1	0,0,0,1	0.0
chr22	22906719	.	G	A	6_2	1	0,0,0,1	0.0
chr22	22906719	.	G	T	6_2	1	0,0,0,1	0.0
chr22	22906719	.	G	C	6_2	1	0,0,0,1	0.0
chr22	22906720	.	G	C	0_0	5	0,0,1,4	0.2
chr22	22906720	.	G	A	0_0	5	0,0,1,4	0.0
chr22	22906720	.	G	T	0_0	5	0,0,1,4	0.0
chr22	22906720	.	G	C	0_19	3	0,0,0,3	0.0
chr22	22906720	.	G	A	0_19	3	0,0,0,3	0.0
chr22	22906720	.	G	T	0_19	3	0,0,0,3	0.0
chr22	22906720	.	G	C	1_0	23	0,2,1,21	0.041666666666666664
chr22	22906720	.	G	A	1_0	23	0,2,1,21	0.0
chr22	22906720	.	G	T	1_0	23	0,2,1,21	0.08333333333333333
chr22	22906720	.	G	C	2_0	3	0,0,0,3	0.0
chr22	22906720	.	G	A	2_0	3	0,0,0,3	0.0
chr22	22906720	.	G	T	2_0	3	0,0,0,3	0.0
chr22	22906720	.	G	C	3_0	3	0,0,0,3	0.0
chr22	22906720	.	G	A	3_0	3	0,0,0,3	0.0
chr22	22906720	.	G	T	3_0	3	0,0,0,3	0.0
chr22	22906720	.	G	C	4_0	3	0,0,0,3	0.0
chr22	22906720	.	G	A	4_0	3	0,0,0,3	0.0
chr22	22906720	.	G	T	4_0	3	0,0,0,3	0.0
chr22	22906720	.	G	C	5_0	111	10,5,19,354	0.04896907216494845
chr22	22906720	.	G	A	5_0	111	10,5,19,354	0.02577319587628866
chr22	22906720	.	G	T	5_0	111	10,5,19,354	0.01288659793814433
chr22	22906720	.	G	C	5_1	5	1,0,0,4	0.0
chr22	22906720	.	G	A	5_1	5	1,0,0,4	0.2
chr22	22906720	.	G	T	5_1	5	1,0,0,4	0.0
chr22	22906720	.	G	C	5_10	3	0,0,0,3	0.0
chr22	22906720	.	G	A	5_10	3	0,0,0,3	0.0
chr22	22906720	.	G	T	5_10	3	0,0,0,3	0.0
chr22	22906720	.	G	C	5_6	2	0,0,0,2	0.0
chr22	22906720	.	G	A	5_6	2	0,0,0,2	0.0
chr22	22906720	.	G	T	5_6	2	0,0,0,2	0.0
chr22	22906720	.	G	C	6_0	1	0,0,0,1	0.0
chr22	22906720	.	G	A	6_0	1	0,0,0,1	0.0
chr22	22906720	.	G	T	6_0	1	0,0,0,1	0.0
chr22	22906720	.	G	C	6_1	1	0,0,0,1	0.0
chr22	22906720	.	G	A	6_1	1	0,0,0,1	0.0
chr22	22906720	.	G	T	6_1	1	0,0,0,1	0.0
chr22	22906720	.	G	C	6_2	1	0,0,0,1	0.0
chr22	22906720	.	G	A	6_2	1	0,0,0,1	0.0
chr22	22906720	.	G	T	6_2	1	0,0,0,1	0.0
