chr22	22285530	A	1.0	0.0	0.0	0.0
chr22	22287366	T	0.0	1.0	0.0	0.0
chr22	22287382	A	1.0	0.0	0.0	0.0
chr22	22287385	T	0.0	1.0	0.0	0.0
chr22	22287386	C	0.0	0.0	1.0	0.0
chr22	22287387	A	1.0	0.0	0.0	0.0
chr22	22306961	C	0.0	0.0	1.0	0.0
chr22	22321059	A	1.0	0.0	0.0	0.0
chr22	22321069	A	1.0	0.0	0.0	0.0
chr22	22475871	C	0.0	0.0611	0.9389	0.0
chr22	22476028	C	0.0	0.1191	0.8809	0.0
chr22	22881474	C	0.0	6.62e-06	0.99999338	0.0
chr22	22881496	G	0.0	0.0	0.0	1.0
chr22	22881566	T	1.986e-05	0.999947051	6.619e-06	2.647e-05
chr22	22881588	G	2.648e-05	0.0	3.31e-05	0.99994042
chr22	22895665	A	1.0	0.0	0.0	0.0
chr22	22895674	G	0.0	0.0	6.602e-06	0.999993398
chr22	22895675	C	6.601e-06	0.0	0.999993399	0.0
chr22	22895688	T	0.0	0.99995378	4.622e-05	0.0
chr22	22895695	G	0.0	0.0	0.0	1.0
chr22	22895699	C	0.0	3.3e-05	0.999967	0.0
chr22	22895700	C	0.0	0.0	1.0	0.0
chr22	22895704	T	0.0	0.99996037	3.963e-05	0.0
chr22	22895707	A	0.9999604	0.0	6.6e-06	3.3e-05
chr22	22895713	A	0.999993388	0.0	6.612e-06	0.0
chr22	22895719	G	6.603e-06	6.603e-06	0.0	0.999986794
chr22	22895723	G	0.0	0.0	0.0	1.0
chr22	22895724	C	2.64e-05	0.0	0.9999736	0.0
chr22	22895727	G	2.639e-05	0.0	0.0	0.99997361
chr22	22895733	G	6.599e-06	0.0	0.0	0.999993401
chr22	22895748	A	1.0	0.0	0.0	0.0
chr22	22895750	G	0.0	0.0	0.0	1.0
chr22	22895751	G	0.0	3.302e-05	0.0	0.99996698
chr22	22895753	T	0.0	1.0	0.0	0.0
chr22	22895759	T	0.0	0.99998018	1.982e-05	0.0
chr22	22895760	C	0.0	1.32e-05	0.9999868	0.0
chr22	22895761	C	1.32e-05	0.0	0.9999868	0.0
chr22	22895763	C	0.0	0.0	1.0	0.0
chr22	22895764	A	1.0	0.0	0.0	0.0
chr22	22895765	T	1.981e-05	0.999960375	1.321e-05	6.605e-06
chr22	22895766	C	0.0	0.0	1.0	0.0
chr22	22895767	C	0.0	0.0	1.0	0.0
chr22	22895770	A	0.999993399	0.0	0.0	6.601e-06
chr22	22895772	T	0.0	0.999986796	6.602e-06	6.602e-06
chr22	22895777	C	3.96e-05	0.0	0.9999604	0.0
chr22	22895779	G	0.0	0.0	0.0	1.0
chr22	22895781	C	0.0	0.0	1.0	0.0
chr22	22895790	T	0.0	0.9999802	1.98e-05	0.0
chr22	22895798	T	0.0	1.0	0.0	0.0
chr22	22895799	G	0.0	0.0	0.0	1.0
chr22	22895805	C	0.0	0.0	1.0	0.0
chr22	22895816	C	0.0	0.0	1.0	0.0
chr22	22895819	C	0.0	0.0	0.999993399	6.601e-06
chr22	22895824	A	1.0	0.0	0.0	0.0
chr22	22895828	C	6.601e-06	0.0	0.999993399	0.0
chr22	22895831	G	0.0	0.0	0.0	1.0
chr22	22901042	A	0.999993431	0.0	0.0	6.569e-06
chr22	22901109	T	6.572e-06	0.999960566	2.629e-05	6.572e-06
chr22	22901137	A	1.0	0.0	0.0	0.0
chr22	22901149	T	0.0	1.0	0.0	0.0
chr22	22901158	A	0.999993422	0.0	0.0	6.578e-06
chr22	22901160	C	0.0	0.0001	0.9999	0.0
chr22	22901164	A	1.0	0.0	0.0	0.0
chr22	22901169	G	1.316e-05	6.578e-06	1.316e-05	0.999967102
chr22	22901172	C	0.0	6.58e-05	0.9999342	0.0
chr22	22901173	G	2.632e-05	0.0	0.0	0.99997368
chr22	22901174	C	0.0	0.0005	0.9995	0.0
chr22	22901176	G	0.0	0.0	0.0	1.0
chr22	22901183	G	0.0	0.0	0.0	1.0
chr22	22901193	C	0.0	0.0	1.0	0.0
chr22	22901197	A	1.0	0.0	0.0	0.0
chr22	22901199	G	0.0	6.577e-06	0.0	0.999993423
chr22	22901202	T	0.0	0.99998685	1.315e-05	0.0
chr22	22901204	A	1.0	0.0	0.0	0.0
chr22	22901206	C	0.0	0.0	1.0	0.0
chr22	22901226	C	0.0	6.573e-06	0.999980277	1.315e-05
chr22	22901243	C	0.0	5.917e-05	0.99994083	0.0
chr22	22901244	G	1.972e-05	0.0	0.0	0.99998028
chr22	22901256	C	0.0	6.573e-06	0.999993427	0.0
chr22	22901260	G	1.315e-05	0.0	0.0	0.99998685
chr22	22901271	A	1.0	0.0	0.0	0.0
chr22	22901272	G	1.315e-05	0.0	0.0	0.99998685
chr22	22901276	C	0.0	0.0	1.0	0.0
chr22	22901280	T	0.0	1.0	0.0	0.0
chr22	22901286	A	0.999980168	6.611e-06	6.611e-06	6.61e-06
chr22	22901292	A	0.99998668	0.0	0.0	1.332e-05
chr22	22901309	A	0.999993227	6.773e-06	0.0	0.0
chr22	22901319	A	0.999993423	0.0	6.577e-06	0.0
chr22	22901320	C	0.0	0.0001	0.9999	0.0
chr22	22901326	A	1.0	0.0	0.0	0.0
chr22	22901335	G	0.0	0.0	0.0	1.0
chr22	22901337	A	0.999993428	0.0	0.0	6.572e-06
chr22	22901343	C	0.0	0.0	1.0	0.0
chr22	22901347	G	0.0	0.0	0.0	1.0
chr22	22901349	G	0.0	0.0	6.572e-06	0.999993428
chr22	22901350	A	1.0	0.0	0.0	0.0
chr22	22901353	G	0.0	6.574e-06	0.0	0.999993426
chr22	22901366	A	0.999993426	6.574e-06	0.0	0.0
chr22	22901372	A	0.99998685	0.0	1.315e-05	0.0
chr22	22901374	G	6.574e-06	0.0	0.0	0.999993426
chr22	22901377	T	0.0	1.0	0.0	0.0
chr22	22901379	A	1.0	0.0	0.0	0.0
chr22	22901395	A	1.0	0.0	0.0	0.0
chr22	22901401	T	0.0	1.0	0.0	0.0
chr22	22901405	C	0.0	0.0	1.0	0.0
chr22	22906554	C	0.0	6.622e-06	0.999993378	0.0
chr22	22906588	A	0.8698	0.0	0.0	0.1302
chr22	22906592	C	0.0	0.0	1.0	0.0
chr22	22906685	A	1.0	0.0	0.0	0.0
chr22	22906719	G	1.331e-05	6.655e-06	0.0	0.999980035
chr22	22906720	G	0.0	0.0	6.636e-06	0.999993364
chr22	22906738	A	1.0	0.0	0.0	0.0
chr22	22906761	A	1.0	0.0	0.0	0.0
chr22	22906768	A	1.0	0.0	0.0	0.0
chr22	22906780	A	1.0	0.0	0.0	0.0
